<?xml version="1.0" encoding="UTF-8"?>
<!-- Generated by org.testng.reporters.JUnitXMLReporter -->
<testsuite hostname="LAPTOP-7HONEIFN" name="Default test" tests="9" failures="0" timestamp="3 Aug 2021 19:42:59 GMT" time="81.803" errors="0">
  <testcase name="divisionTC1" time="0.104" classname="testClasses.OnlineCalculatorSubtractionTest"/>
  <testcase name="divisionTC2" time="0.067" classname="testClasses.OnlineCalculatorSubtractionTest"/>
  <testcase name="divisionTC3" time="0.146" classname="testClasses.OnlineCalculatorSubtractionTest"/>
  <testcase name="divisionTC4" time="0.133" classname="testClasses.OnlineCalculatorSubtractionTest"/>
  <testcase name="divisionTC5" time="0.104" classname="testClasses.OnlineCalculatorSubtractionTest"/>
  <testcase name="divisionTC6" time="0.115" classname="testClasses.OnlineCalculatorSubtractionTest"/>
  <testcase name="divisionTC7" time="0.178" classname="testClasses.OnlineCalculatorSubtractionTest"/>
  <testcase name="divisionTC8" time="0.085" classname="testClasses.OnlineCalculatorSubtractionTest"/>
  <testcase name="divisionTC9" time="0.077" classname="testClasses.OnlineCalculatorSubtractionTest"/>
</testsuite> <!-- Default test -->
