<?xml version="1.0" encoding="UTF-8"?>
<testng-results skipped="0" failed="0" total="9" passed="9">
  <reporter-output>
  </reporter-output>
  <suite name="Default suite" duration-ms="81803" started-at="2021-08-03T19:41:37Z" finished-at="2021-08-03T19:42:59Z">
    <groups>
    </groups>
    <test name="Default test" duration-ms="81803" started-at="2021-08-03T19:41:37Z" finished-at="2021-08-03T19:42:59Z">
      <class name="testClasses.OnlineCalculatorSubtractionTest">
        <test-method status="PASS" signature="setUp()[pri:0, instance:testClasses.OnlineCalculatorSubtractionTest@5dfcfece]" name="setUp" is-config="true" duration-ms="9179" started-at="2021-08-03T23:41:38Z" finished-at="2021-08-03T23:41:47Z">
          <reporter-output>
          </reporter-output>
        </test-method> <!-- setUp -->
        <test-method status="PASS" signature="divisionTC1()[pri:0, instance:testClasses.OnlineCalculatorSubtractionTest@5dfcfece]" name="divisionTC1" duration-ms="104" started-at="2021-08-03T23:41:47Z" description="This TestCase will validate subtraction between two integer values (x &gt; y) with expected result as a positive" finished-at="2021-08-03T23:41:47Z">
          <reporter-output>
          </reporter-output>
        </test-method> <!-- divisionTC1 -->
        <test-method status="PASS" signature="tearDown()[pri:0, instance:testClasses.OnlineCalculatorSubtractionTest@5dfcfece]" name="tearDown" is-config="true" duration-ms="966" started-at="2021-08-03T23:41:47Z" finished-at="2021-08-03T23:41:48Z">
          <reporter-output>
          </reporter-output>
        </test-method> <!-- tearDown -->
        <test-method status="PASS" signature="setUp()[pri:0, instance:testClasses.OnlineCalculatorSubtractionTest@5dfcfece]" name="setUp" is-config="true" duration-ms="8783" started-at="2021-08-03T23:41:48Z" finished-at="2021-08-03T23:41:57Z">
          <reporter-output>
          </reporter-output>
        </test-method> <!-- setUp -->
        <test-method status="PASS" signature="divisionTC2()[pri:0, instance:testClasses.OnlineCalculatorSubtractionTest@5dfcfece]" name="divisionTC2" duration-ms="67" started-at="2021-08-03T23:41:57Z" description="This TestCase will validate subtraction between two integer values (x &lt; y) with expected result as a negative" finished-at="2021-08-03T23:41:57Z">
          <reporter-output>
          </reporter-output>
        </test-method> <!-- divisionTC2 -->
        <test-method status="PASS" signature="tearDown()[pri:0, instance:testClasses.OnlineCalculatorSubtractionTest@5dfcfece]" name="tearDown" is-config="true" duration-ms="926" started-at="2021-08-03T23:41:57Z" finished-at="2021-08-03T23:41:58Z">
          <reporter-output>
          </reporter-output>
        </test-method> <!-- tearDown -->
        <test-method status="PASS" signature="setUp()[pri:0, instance:testClasses.OnlineCalculatorSubtractionTest@5dfcfece]" name="setUp" is-config="true" duration-ms="5977" started-at="2021-08-03T23:41:58Z" finished-at="2021-08-03T23:42:04Z">
          <reporter-output>
          </reporter-output>
        </test-method> <!-- setUp -->
        <test-method status="PASS" signature="divisionTC3()[pri:0, instance:testClasses.OnlineCalculatorSubtractionTest@5dfcfece]" name="divisionTC3" duration-ms="146" started-at="2021-08-03T23:42:04Z" description="This TestCase will validate subtraction between two decimal values (x &gt; y)" finished-at="2021-08-03T23:42:04Z">
          <reporter-output>
          </reporter-output>
        </test-method> <!-- divisionTC3 -->
        <test-method status="PASS" signature="tearDown()[pri:0, instance:testClasses.OnlineCalculatorSubtractionTest@5dfcfece]" name="tearDown" is-config="true" duration-ms="800" started-at="2021-08-03T23:42:04Z" finished-at="2021-08-03T23:42:04Z">
          <reporter-output>
          </reporter-output>
        </test-method> <!-- tearDown -->
        <test-method status="PASS" signature="setUp()[pri:0, instance:testClasses.OnlineCalculatorSubtractionTest@5dfcfece]" name="setUp" is-config="true" duration-ms="7978" started-at="2021-08-03T23:42:04Z" finished-at="2021-08-03T23:42:12Z">
          <reporter-output>
          </reporter-output>
        </test-method> <!-- setUp -->
        <test-method status="PASS" signature="divisionTC4()[pri:0, instance:testClasses.OnlineCalculatorSubtractionTest@5dfcfece]" name="divisionTC4" duration-ms="133" started-at="2021-08-03T23:42:12Z" description="This TestCase will validate subtraction between two decimal values (x &lt; y)" finished-at="2021-08-03T23:42:13Z">
          <reporter-output>
          </reporter-output>
        </test-method> <!-- divisionTC4 -->
        <test-method status="PASS" signature="tearDown()[pri:0, instance:testClasses.OnlineCalculatorSubtractionTest@5dfcfece]" name="tearDown" is-config="true" duration-ms="790" started-at="2021-08-03T23:42:13Z" finished-at="2021-08-03T23:42:13Z">
          <reporter-output>
          </reporter-output>
        </test-method> <!-- tearDown -->
        <test-method status="PASS" signature="setUp()[pri:0, instance:testClasses.OnlineCalculatorSubtractionTest@5dfcfece]" name="setUp" is-config="true" duration-ms="9004" started-at="2021-08-03T23:42:13Z" finished-at="2021-08-03T23:42:22Z">
          <reporter-output>
          </reporter-output>
        </test-method> <!-- setUp -->
        <test-method status="PASS" signature="divisionTC5()[pri:0, instance:testClasses.OnlineCalculatorSubtractionTest@5dfcfece]" name="divisionTC5" duration-ms="104" started-at="2021-08-03T23:42:22Z" description="This TestCase will validate subtraction with two negative values" finished-at="2021-08-03T23:42:22Z">
          <reporter-output>
          </reporter-output>
        </test-method> <!-- divisionTC5 -->
        <test-method status="PASS" signature="tearDown()[pri:0, instance:testClasses.OnlineCalculatorSubtractionTest@5dfcfece]" name="tearDown" is-config="true" duration-ms="779" started-at="2021-08-03T23:42:22Z" finished-at="2021-08-03T23:42:23Z">
          <reporter-output>
          </reporter-output>
        </test-method> <!-- tearDown -->
        <test-method status="PASS" signature="setUp()[pri:0, instance:testClasses.OnlineCalculatorSubtractionTest@5dfcfece]" name="setUp" is-config="true" duration-ms="8398" started-at="2021-08-03T23:42:23Z" finished-at="2021-08-03T23:42:32Z">
          <reporter-output>
          </reporter-output>
        </test-method> <!-- setUp -->
        <test-method status="PASS" signature="divisionTC6()[pri:0, instance:testClasses.OnlineCalculatorSubtractionTest@5dfcfece]" name="divisionTC6" duration-ms="115" started-at="2021-08-03T23:42:32Z" description="This TestCase will validate subtraction between a decimal value and an integer" finished-at="2021-08-03T23:42:32Z">
          <reporter-output>
          </reporter-output>
        </test-method> <!-- divisionTC6 -->
        <test-method status="PASS" signature="tearDown()[pri:0, instance:testClasses.OnlineCalculatorSubtractionTest@5dfcfece]" name="tearDown" is-config="true" duration-ms="785" started-at="2021-08-03T23:42:32Z" finished-at="2021-08-03T23:42:33Z">
          <reporter-output>
          </reporter-output>
        </test-method> <!-- tearDown -->
        <test-method status="PASS" signature="setUp()[pri:0, instance:testClasses.OnlineCalculatorSubtractionTest@5dfcfece]" name="setUp" is-config="true" duration-ms="7693" started-at="2021-08-03T23:42:33Z" finished-at="2021-08-03T23:42:40Z">
          <reporter-output>
          </reporter-output>
        </test-method> <!-- setUp -->
        <test-method status="PASS" signature="divisionTC7()[pri:0, instance:testClasses.OnlineCalculatorSubtractionTest@5dfcfece]" name="divisionTC7" duration-ms="178" started-at="2021-08-03T23:42:40Z" description="This TestCase will validate subtraction between two negative decimal values" finished-at="2021-08-03T23:42:40Z">
          <reporter-output>
          </reporter-output>
        </test-method> <!-- divisionTC7 -->
        <test-method status="PASS" signature="tearDown()[pri:0, instance:testClasses.OnlineCalculatorSubtractionTest@5dfcfece]" name="tearDown" is-config="true" duration-ms="808" started-at="2021-08-03T23:42:40Z" finished-at="2021-08-03T23:42:41Z">
          <reporter-output>
          </reporter-output>
        </test-method> <!-- tearDown -->
        <test-method status="PASS" signature="setUp()[pri:0, instance:testClasses.OnlineCalculatorSubtractionTest@5dfcfece]" name="setUp" is-config="true" duration-ms="8560" started-at="2021-08-03T23:42:41Z" finished-at="2021-08-03T23:42:50Z">
          <reporter-output>
          </reporter-output>
        </test-method> <!-- setUp -->
        <test-method status="PASS" signature="divisionTC8()[pri:0, instance:testClasses.OnlineCalculatorSubtractionTest@5dfcfece]" name="divisionTC8" duration-ms="85" started-at="2021-08-03T23:42:50Z" description="This TestCase will validate subtraction with same number" finished-at="2021-08-03T23:42:50Z">
          <reporter-output>
          </reporter-output>
        </test-method> <!-- divisionTC8 -->
        <test-method status="PASS" signature="tearDown()[pri:0, instance:testClasses.OnlineCalculatorSubtractionTest@5dfcfece]" name="tearDown" is-config="true" duration-ms="802" started-at="2021-08-03T23:42:50Z" finished-at="2021-08-03T23:42:51Z">
          <reporter-output>
          </reporter-output>
        </test-method> <!-- tearDown -->
        <test-method status="PASS" signature="setUp()[pri:0, instance:testClasses.OnlineCalculatorSubtractionTest@5dfcfece]" name="setUp" is-config="true" duration-ms="7647" started-at="2021-08-03T23:42:51Z" finished-at="2021-08-03T23:42:58Z">
          <reporter-output>
          </reporter-output>
        </test-method> <!-- setUp -->
        <test-method status="PASS" signature="divisionTC9()[pri:0, instance:testClasses.OnlineCalculatorSubtractionTest@5dfcfece]" name="divisionTC9" duration-ms="77" started-at="2021-08-03T23:42:58Z" description="This TestCase will validate subtraction with zero" finished-at="2021-08-03T23:42:58Z">
          <reporter-output>
          </reporter-output>
        </test-method> <!-- divisionTC9 -->
        <test-method status="PASS" signature="tearDown()[pri:0, instance:testClasses.OnlineCalculatorSubtractionTest@5dfcfece]" name="tearDown" is-config="true" duration-ms="880" started-at="2021-08-03T23:42:58Z" finished-at="2021-08-03T23:42:59Z">
          <reporter-output>
          </reporter-output>
        </test-method> <!-- tearDown -->
      </class> <!-- testClasses.OnlineCalculatorSubtractionTest -->
    </test> <!-- Default test -->
  </suite> <!-- Default suite -->
</testng-results>
